<?xml version="1.0" encoding="UTF-8" ?>
<testsuite tests="22" failures="0" name="DragonMavenProject.dragonmavenproject.CakesRunnerTest" time="0.017" errors="0" skipped="0">
  <properties>
    <property name="java.runtime.name" value="Java(TM) SE Runtime Environment"/>
    <property name="sun.boot.library.path" value="/Library/Java/JavaVirtualMachines/jdk1.8.0_25.jdk/Contents/Home/jre/lib"/>
    <property name="java.vm.version" value="25.25-b02"/>
    <property name="gopherProxySet" value="false"/>
    <property name="java.vm.vendor" value="Oracle Corporation"/>
    <property name="maven.multiModuleProjectDirectory" value="/Users/Omardjalo/Documents/workspace/dragon-agilite"/>
    <property name="java.vendor.url" value="http://java.oracle.com/"/>
    <property name="path.separator" value=":"/>
    <property name="guice.disable.misplaced.annotation.check" value="true"/>
    <property name="java.vm.name" value="Java HotSpot(TM) 64-Bit Server VM"/>
    <property name="file.encoding.pkg" value="sun.io"/>
    <property name="user.country" value="FR"/>
    <property name="sun.java.launcher" value="SUN_STANDARD"/>
    <property name="sun.os.patch.level" value="unknown"/>
    <property name="java.vm.specification.name" value="Java Virtual Machine Specification"/>
    <property name="user.dir" value="/Users/Omardjalo/Documents/workspace/dragon-agilite"/>
    <property name="java.runtime.version" value="1.8.0_25-b17"/>
    <property name="java.awt.graphicsenv" value="sun.awt.CGraphicsEnvironment"/>
    <property name="java.endorsed.dirs" value="/Library/Java/JavaVirtualMachines/jdk1.8.0_25.jdk/Contents/Home/jre/lib/endorsed"/>
    <property name="os.arch" value="x86_64"/>
    <property name="java.io.tmpdir" value="/var/folders/ly/sbqbvtks791b46jdgx0yy1pm0000gn/T/"/>
    <property name="line.separator" value="
"/>
    <property name="java.vm.specification.vendor" value="Oracle Corporation"/>
    <property name="os.name" value="Mac OS X"/>
    <property name="classworlds.conf" value="/Users/Omardjalo/apache-maven-3.5.0/bin/m2.conf"/>
    <property name="sun.jnu.encoding" value="UTF-8"/>
    <property name="java.library.path" value="/Users/Omardjalo/Library/Java/Extensions:/Library/Java/Extensions:/Network/Library/Java/Extensions:/System/Library/Java/Extensions:/usr/lib/java:."/>
    <property name="maven.conf" value="/Users/Omardjalo/apache-maven-3.5.0/conf"/>
    <property name="java.specification.name" value="Java Platform API Specification"/>
    <property name="java.class.version" value="52.0"/>
    <property name="sun.management.compiler" value="HotSpot 64-Bit Tiered Compilers"/>
    <property name="os.version" value="10.13.3"/>
    <property name="library.jansi.path" value="/Users/Omardjalo/apache-maven-3.5.0/lib/jansi-native/osx64"/>
    <property name="http.nonProxyHosts" value="local|*.local|169.254/16|*.169.254/16"/>
    <property name="user.home" value="/Users/Omardjalo"/>
    <property name="user.timezone" value="Europe/Paris"/>
    <property name="java.awt.printerjob" value="sun.lwawt.macosx.CPrinterJob"/>
    <property name="java.specification.version" value="1.8"/>
    <property name="file.encoding" value="UTF-8"/>
    <property name="user.name" value="Omardjalo"/>
    <property name="java.class.path" value="/Users/Omardjalo/apache-maven-3.5.0/boot/plexus-classworlds-2.5.2.jar"/>
    <property name="org.slf4j.simpleLogger.defaultLogLevel" value="debug"/>
    <property name="java.vm.specification.version" value="1.8"/>
    <property name="sun.arch.data.model" value="64"/>
    <property name="java.home" value="/Library/Java/JavaVirtualMachines/jdk1.8.0_25.jdk/Contents/Home/jre"/>
    <property name="sun.java.command" value="org.codehaus.plexus.classworlds.launcher.Launcher test -X"/>
    <property name="java.specification.vendor" value="Oracle Corporation"/>
    <property name="user.language" value="fr"/>
    <property name="awt.toolkit" value="sun.lwawt.macosx.LWCToolkit"/>
    <property name="java.vm.info" value="mixed mode"/>
    <property name="java.version" value="1.8.0_25"/>
    <property name="java.ext.dirs" value="/Users/Omardjalo/Library/Java/Extensions:/Library/Java/JavaVirtualMachines/jdk1.8.0_25.jdk/Contents/Home/jre/lib/ext:/Library/Java/Extensions:/Network/Library/Java/Extensions:/System/Library/Java/Extensions:/usr/lib/java"/>
    <property name="sun.boot.class.path" value="/Library/Java/JavaVirtualMachines/jdk1.8.0_25.jdk/Contents/Home/jre/lib/resources.jar:/Library/Java/JavaVirtualMachines/jdk1.8.0_25.jdk/Contents/Home/jre/lib/rt.jar:/Library/Java/JavaVirtualMachines/jdk1.8.0_25.jdk/Contents/Home/jre/lib/sunrsasign.jar:/Library/Java/JavaVirtualMachines/jdk1.8.0_25.jdk/Contents/Home/jre/lib/jsse.jar:/Library/Java/JavaVirtualMachines/jdk1.8.0_25.jdk/Contents/Home/jre/lib/jce.jar:/Library/Java/JavaVirtualMachines/jdk1.8.0_25.jdk/Contents/Home/jre/lib/charsets.jar:/Library/Java/JavaVirtualMachines/jdk1.8.0_25.jdk/Contents/Home/jre/lib/jfr.jar:/Library/Java/JavaVirtualMachines/jdk1.8.0_25.jdk/Contents/Home/jre/classes"/>
    <property name="java.vendor" value="Oracle Corporation"/>
    <property name="maven.home" value="/Users/Omardjalo/apache-maven-3.5.0"/>
    <property name="file.separator" value="/"/>
    <property name="java.vendor.url.bug" value="http://bugreport.sun.com/bugreport/"/>
    <property name="sun.cpu.endian" value="little"/>
    <property name="sun.io.unicode.encoding" value="UnicodeBig"/>
    <property name="socksNonProxyHosts" value="local|*.local|169.254/16|*.169.254/16"/>
    <property name="ftp.nonProxyHosts" value="local|*.local|169.254/16|*.169.254/16"/>
    <property name="sun.cpu.isalist" value=""/>
  </properties>
  <testcase classname="| toto | toto |" name="When I want to add a pet with name &quot;toto&quot;" time="0"/>
  <testcase classname="| toto | toto |" name="Then I can create a name and retrieve its &quot;toto&quot;" time="0.001"/>
  <testcase classname="| toto | toto |" name="| toto | toto |" time="0.001"/>
  <testcase classname="| myPet | myPet |" name="When I want to add a pet with name &quot;myPet&quot;" time="0"/>
  <testcase classname="| myPet | myPet |" name="Then I can create a name and retrieve its &quot;myPet&quot;" time="0"/>
  <testcase classname="| myPet | myPet |" name="| myPet | myPet |" time="0"/>
  <testcase classname="Scenario: The user wants to add a pet to his dragon" name="Given that I have a pet called Toto and a dragon" time="0"/>
  <testcase classname="Scenario: The user wants to add a pet to his dragon" name="When when I add Toto to the dragon" time="0"/>
  <testcase classname="Scenario: The user wants to add a pet to his dragon" name="Then when I ask for the dragon pet, it should say &quot;Toto&quot;" time="0"/>
  <testcase classname="Scenario: The user wants to add a pet to his dragon" name="Scenario: The user wants to add a pet to his dragon" time="0.001"/>
  <testcase classname="| Excalibur | Excalibur |" name="Given I create a sword with name &quot;Excalibur&quot;" time="0"/>
  <testcase classname="| Excalibur | Excalibur |" name="When when I ask the name of the sword" time="0"/>
  <testcase classname="| Excalibur | Excalibur |" name="Then the name of the sword should be &quot;Excalibur&quot;" time="0.001"/>
  <testcase classname="| Excalibur | Excalibur |" name="| Excalibur | Excalibur |" time="0.001"/>
  <testcase classname="Scenario: we can give a sword to a dragon" name="Given that I create a sword named Excalibur and a dragon called Lolo" time="0"/>
  <testcase classname="Scenario: we can give a sword to a dragon" name="When I add Excalibur to Lolo" time="0"/>
  <testcase classname="Scenario: we can give a sword to a dragon" name="Then when I ask for the first sword of his list of swords, it should say &quot;Excalibur&quot;" time="0"/>
  <testcase classname="Scenario: we can give a sword to a dragon" name="Scenario: we can give a sword to a dragon" time="0.001"/>
  <testcase classname="Scenario: we can print how many swords the dragon has" name="Given that I have a dragon with two swords" time="0"/>
  <testcase classname="Scenario: we can print how many swords the dragon has" name="When I want to print the number of swords I have" time="0"/>
  <testcase classname="Scenario: we can print how many swords the dragon has" name="Then I should get &quot;J&apos;ai 2 epees&quot;" time="0.005"/>
  <testcase classname="Scenario: we can print how many swords the dragon has" name="Scenario: we can print how many swords the dragon has" time="0.006"/>
</testsuite>